Warning: libpng warning: Interlace handling should be turned on when using png_read_image
Warning: libpng warning: Interlace handling should be turned on when using png_read_image
Warning: libpng warning: Interlace handling should be turned on when using png_read_image
Warning: libpng warning: Interlace handling should be turned on when using png_read_image
Warning: libpng warning: Interlace handling should be turned on when using png_read_image
Warning: QPainter::begin: Paint device returned engine == 0, type: 1
Warning: QPainter::setPen: Painter not active
Warning: QPainter::setBrush: Painter not active
Warning: QPainter::setRenderHint: Painter must be active to set rendering hints
Warning: QPainter::setPen: Painter not active
Warning: libpng warning: Interlace handling should be turned on when using png_read_image
Debug: "22:28:13 ..\..\src\propertyeditor.cpp:4234 ER: Set Mode" 
Debug: "22:28:33 ..\..\src\propertyeditor.cpp:2619 EO: Set x 3D Min Distance" 
Debug: "22:28:34 ..\..\src\propertyeditor.cpp:2619 EO: Set x 3D Max Distance" 
Debug: 
Building project 'monke_new'...
Debug: Building project C:\Program Files (x86)\Steam\steamapps\common\Amnesia Rebirth\mods\MonkeIsland\sounds\monke_new.fev...
Debug: Unique sound defs 1/2
Debug: Retrieving sound file info...
Debug: Retrieving reverb info...
Debug: FEV file written ok
Debug: Unique Envelope Points: 0 of 0
Debug: Unique Strings: 127 characters of 127
Debug: Caching sound file details for ''...
Debug: sfx\gameplay\tick_fast.ogg
Debug: sfx\player\death\death_crush.ogg
Debug: Building 'monke_new.fsb'
Debug: Encoded C:\Program Files (x86)\Steam\steamapps\common\Amnesia Rebirth\mods\MonkeIsland\sounds\sfx\player\death\death_crush.ogg
Debug: Encoded C:\Program Files (x86)\Steam\steamapps\common\Amnesia Rebirth\mods\MonkeIsland\sounds\sfx\gameplay\tick_fast.ogg
Debug: Writing FSB...
Debug: Finished building FSB
Debug: 
Debug: 
Summary of build:
SUCCESS: C:/Program Files (x86)/Steam/steamapps/common/Amnesia Rebirth/mods/MonkeIsland/sounds/monke_new.fev
SUCCESS: monke_new.fsb
